Traceback (most recent call last):
  File "/home/ross/.virtualenvs/nx-notebooks/lib/python3.8/site-packages/jupyter_cache/executors/utils.py", line 51, in single_nb_execution
    executenb(
  File "/home/ross/.virtualenvs/nx-notebooks/lib/python3.8/site-packages/nbclient/client.py", line 1082, in execute
    return NotebookClient(nb=nb, resources=resources, km=km, **kwargs).execute()
  File "/home/ross/.virtualenvs/nx-notebooks/lib/python3.8/site-packages/nbclient/util.py", line 74, in wrapped
    return just_run(coro(*args, **kwargs))
  File "/home/ross/.virtualenvs/nx-notebooks/lib/python3.8/site-packages/nbclient/util.py", line 53, in just_run
    return loop.run_until_complete(coro)
  File "/usr/lib/python3.8/asyncio/base_events.py", line 616, in run_until_complete
    return future.result()
  File "/home/ross/.virtualenvs/nx-notebooks/lib/python3.8/site-packages/nbclient/client.py", line 535, in async_execute
    await self.async_execute_cell(
  File "/home/ross/.virtualenvs/nx-notebooks/lib/python3.8/site-packages/nbclient/client.py", line 827, in async_execute_cell
    self._check_raise_for_error(cell, exec_reply)
  File "/home/ross/.virtualenvs/nx-notebooks/lib/python3.8/site-packages/nbclient/client.py", line 735, in _check_raise_for_error
    raise CellExecutionError.from_cell_and_msg(cell, exec_reply['content'])
nbclient.exceptions.CellExecutionError: An error occurred while executing the following cell:
------------------
for G, A in pairs:
    gc = [set(c) for c in nx.connected_components(G)]
    ac = [set(c) for c in nx.connected_components(A)]
    for comp in ac:
        assert comp in gc
------------------

[0;31m---------------------------------------------------------------------------[0m
[0;31mAssertionError[0m                            Traceback (most recent call last)
[0;32m<ipython-input-11-f03e97c142a0>[0m in [0;36m<module>[0;34m[0m
[1;32m      3[0m     [0mac[0m [0;34m=[0m [0;34m[[0m[0mset[0m[0;34m([0m[0mc[0m[0;34m)[0m [0;32mfor[0m [0mc[0m [0;32min[0m [0mnx[0m[0;34m.[0m[0mconnected_components[0m[0;34m([0m[0mA[0m[0;34m)[0m[0;34m][0m[0;34m[0m[0;34m[0m[0m
[1;32m      4[0m     [0;32mfor[0m [0mcomp[0m [0;32min[0m [0mac[0m[0;34m:[0m[0;34m[0m[0;34m[0m[0m
[0;32m----> 5[0;31m         [0;32massert[0m [0mcomp[0m [0;32min[0m [0mgc[0m[0;34m[0m[0;34m[0m[0m
[0m
[0;31mAssertionError[0m: 
AssertionError: 

